{"__type":"$$EventMessageAudit","id":"067b81ad-4f04-4064-9e2d-564d1e9ce0bf","ts":"2025-08-26T18:49:43.427+00:00","eventName":"n8n.audit.workflow.updated","message":"n8n.audit.workflow.updated","payload":{"userId":"a2335b8d-41ed-43d2-b946-52867d6a90bc","_email":"adewuyiqa@gmail.com","_firstName":"ade","_lastName":"wuyi","globalRole":"global:owner","workflowId":"FUCOIi5kCO0AZu7K","workflowName":"My workflow"}}
{"__type":"$$EventMessageConfirm","confirm":"067b81ad-4f04-4064-9e2d-564d1e9ce0bf","ts":"2025-08-26T18:49:43.428+00:00","source":{"id":"0","name":"eventBus"}}
{"__type":"$$EventMessageAudit","id":"7419f0e2-070d-4138-aa96-370fa5dd1383","ts":"2025-08-26T18:51:17.843+00:00","eventName":"n8n.audit.workflow.updated","message":"n8n.audit.workflow.updated","payload":{"userId":"a2335b8d-41ed-43d2-b946-52867d6a90bc","_email":"adewuyiqa@gmail.com","_firstName":"ade","_lastName":"wuyi","globalRole":"global:owner","workflowId":"FUCOIi5kCO0AZu7K","workflowName":"My workflow"}}
{"__type":"$$EventMessageConfirm","confirm":"7419f0e2-070d-4138-aa96-370fa5dd1383","ts":"2025-08-26T18:51:17.843+00:00","source":{"id":"0","name":"eventBus"}}
{"__type":"$$EventMessageAudit","id":"12f3be9a-b8f4-4f30-a63b-4b4e727c8d53","ts":"2025-08-26T18:51:35.875+00:00","eventName":"n8n.audit.workflow.updated","message":"n8n.audit.workflow.updated","payload":{"userId":"a2335b8d-41ed-43d2-b946-52867d6a90bc","_email":"adewuyiqa@gmail.com","_firstName":"ade","_lastName":"wuyi","globalRole":"global:owner","workflowId":"FUCOIi5kCO0AZu7K","workflowName":"My workflow"}}
{"__type":"$$EventMessageConfirm","confirm":"12f3be9a-b8f4-4f30-a63b-4b4e727c8d53","ts":"2025-08-26T18:51:35.875+00:00","source":{"id":"0","name":"eventBus"}}
{"__type":"$$EventMessageAudit","id":"807d0523-40cf-4b79-abb8-e6977235871f","ts":"2025-08-26T18:59:29.970+00:00","eventName":"n8n.audit.user.login.success","message":"n8n.audit.user.login.success","payload":{"userId":"a2335b8d-41ed-43d2-b946-52867d6a90bc","_email":"adewuyiqa@gmail.com","_firstName":"ade","_lastName":"wuyi","globalRole":"global:owner","authenticationMethod":"email"}}
{"__type":"$$EventMessageConfirm","confirm":"807d0523-40cf-4b79-abb8-e6977235871f","ts":"2025-08-26T18:59:29.971+00:00","source":{"id":"0","name":"eventBus"}}
{"__type":"$$EventMessageAudit","id":"0b7d2f18-2854-4b13-ad02-68cd0d996b07","ts":"2025-08-26T18:59:42.357+00:00","eventName":"n8n.audit.workflow.updated","message":"n8n.audit.workflow.updated","payload":{"userId":"a2335b8d-41ed-43d2-b946-52867d6a90bc","_email":"adewuyiqa@gmail.com","_firstName":"ade","_lastName":"wuyi","globalRole":"global:owner","workflowId":"FUCOIi5kCO0AZu7K","workflowName":"My workflow"}}
{"__type":"$$EventMessageConfirm","confirm":"0b7d2f18-2854-4b13-ad02-68cd0d996b07","ts":"2025-08-26T18:59:42.358+00:00","source":{"id":"0","name":"eventBus"}}
{"__type":"$$EventMessageWorkflow","id":"8a44e4bc-1e59-410b-8a39-cc654fe89342","ts":"2025-08-26T19:00:21.869+00:00","eventName":"n8n.workflow.started","message":"n8n.workflow.started","payload":{"executionId":"46","workflowId":"FUCOIi5kCO0AZu7K","isManual":false,"workflowName":"My workflow"}}
{"__type":"$$EventMessageConfirm","confirm":"8a44e4bc-1e59-410b-8a39-cc654fe89342","ts":"2025-08-26T19:00:21.869+00:00","source":{"id":"0","name":"eventBus"}}
{"__type":"$$EventMessageNode","id":"a0834860-dd66-44af-966e-4e49820a0648","ts":"2025-08-26T19:00:21.872+00:00","eventName":"n8n.node.started","message":"n8n.node.started","payload":{"workflowId":"FUCOIi5kCO0AZu7K","workflowName":"My workflow","executionId":"46","nodeType":"n8n-nodes-base.manualTrigger","nodeName":"Manual","nodeId":"c4e862be-ea80-41b3-a5cf-43ccd5188d22"}}
{"__type":"$$EventMessageConfirm","confirm":"a0834860-dd66-44af-966e-4e49820a0648","ts":"2025-08-26T19:00:21.872+00:00","source":{"id":"0","name":"eventBus"}}
{"__type":"$$EventMessageNode","id":"6172308f-702b-4399-9613-0e057051ce93","ts":"2025-08-26T19:00:21.883+00:00","eventName":"n8n.node.finished","message":"n8n.node.finished","payload":{"workflowId":"FUCOIi5kCO0AZu7K","workflowName":"My workflow","executionId":"46","nodeType":"n8n-nodes-base.manualTrigger","nodeName":"Manual","nodeId":"c4e862be-ea80-41b3-a5cf-43ccd5188d22"}}
{"__type":"$$EventMessageConfirm","confirm":"6172308f-702b-4399-9613-0e057051ce93","ts":"2025-08-26T19:00:21.883+00:00","source":{"id":"0","name":"eventBus"}}
{"__type":"$$EventMessageNode","id":"3520361b-7be4-4283-985a-a2f5f2c9bb47","ts":"2025-08-26T19:00:21.884+00:00","eventName":"n8n.node.started","message":"n8n.node.started","payload":{"workflowId":"FUCOIi5kCO0AZu7K","workflowName":"My workflow","executionId":"46","nodeType":"n8n-nodes-base.set","nodeName":"Config (Jobs)","nodeId":"ebf6650f-e492-4733-bdef-fb8c8653e589"}}
{"__type":"$$EventMessageConfirm","confirm":"3520361b-7be4-4283-985a-a2f5f2c9bb47","ts":"2025-08-26T19:00:21.884+00:00","source":{"id":"0","name":"eventBus"}}
{"__type":"$$EventMessageNode","id":"bbd1f62b-a026-4048-b34a-d41c8082d983","ts":"2025-08-26T19:00:21.891+00:00","eventName":"n8n.node.finished","message":"n8n.node.finished","payload":{"workflowId":"FUCOIi5kCO0AZu7K","workflowName":"My workflow","executionId":"46","nodeType":"n8n-nodes-base.set","nodeName":"Config (Jobs)","nodeId":"ebf6650f-e492-4733-bdef-fb8c8653e589"}}
{"__type":"$$EventMessageConfirm","confirm":"bbd1f62b-a026-4048-b34a-d41c8082d983","ts":"2025-08-26T19:00:21.891+00:00","source":{"id":"0","name":"eventBus"}}
{"__type":"$$EventMessageNode","id":"ca936895-fdcb-4b8e-acca-8f0529955adf","ts":"2025-08-26T19:00:21.892+00:00","eventName":"n8n.node.started","message":"n8n.node.started","payload":{"workflowId":"FUCOIi5kCO0AZu7K","workflowName":"My workflow","executionId":"46","nodeType":"n8n-nodes-base.httpRequest","nodeName":"Get Updates","nodeId":"7222d5f1-62d8-4b95-b846-b57902f91e06"}}
{"__type":"$$EventMessageConfirm","confirm":"ca936895-fdcb-4b8e-acca-8f0529955adf","ts":"2025-08-26T19:00:21.892+00:00","source":{"id":"0","name":"eventBus"}}
{"__type":"$$EventMessageNode","id":"32f8a62d-7d41-41ea-9d18-480b72ea5d1b","ts":"2025-08-26T19:00:22.711Z","eventName":"n8n.node.finished","message":"n8n.node.finished","payload":{"workflowId":"FUCOIi5kCO0AZu7K","workflowName":"My workflow","executionId":"46","nodeType":"n8n-nodes-base.httpRequest","nodeName":"Get Updates","nodeId":"7222d5f1-62d8-4b95-b846-b57902f91e06"}}
{"__type":"$$EventMessageConfirm","confirm":"32f8a62d-7d41-41ea-9d18-480b72ea5d1b","ts":"2025-08-26T19:00:22.711Z","source":{"id":"0","name":"eventBus"}}
{"__type":"$$EventMessageNode","id":"2f568ae3-6ca9-4cde-bd33-424d07b98069","ts":"2025-08-26T19:00:22.713Z","eventName":"n8n.node.started","message":"n8n.node.started","payload":{"workflowId":"FUCOIi5kCO0AZu7K","workflowName":"My workflow","executionId":"46","nodeType":"n8n-nodes-base.httpRequest","nodeName":"Fetch Web3.career","nodeId":"b2c5a744-6418-4b98-9220-e70a0baaf0b6"}}
{"__type":"$$EventMessageConfirm","confirm":"2f568ae3-6ca9-4cde-bd33-424d07b98069","ts":"2025-08-26T19:00:22.713Z","source":{"id":"0","name":"eventBus"}}
{"__type":"$$EventMessageNode","id":"adc8c24a-53af-4dd6-b59a-c7dc759aab82","ts":"2025-08-26T19:00:24.074Z","eventName":"n8n.node.finished","message":"n8n.node.finished","payload":{"workflowId":"FUCOIi5kCO0AZu7K","workflowName":"My workflow","executionId":"46","nodeType":"n8n-nodes-base.httpRequest","nodeName":"Fetch Web3.career","nodeId":"b2c5a744-6418-4b98-9220-e70a0baaf0b6"}}
{"__type":"$$EventMessageConfirm","confirm":"adc8c24a-53af-4dd6-b59a-c7dc759aab82","ts":"2025-08-26T19:00:24.074Z","source":{"id":"0","name":"eventBus"}}
{"__type":"$$EventMessageNode","id":"a87f3bbe-0400-43fc-9e1f-c7f843e1a0e0","ts":"2025-08-26T19:00:24.076Z","eventName":"n8n.node.started","message":"n8n.node.started","payload":{"workflowId":"FUCOIi5kCO0AZu7K","workflowName":"My workflow","executionId":"46","nodeType":"n8n-nodes-base.function","nodeName":"Notify web3.career","nodeId":"c6f21227-bea8-4d97-8b91-451eec622e28"}}
{"__type":"$$EventMessageConfirm","confirm":"a87f3bbe-0400-43fc-9e1f-c7f843e1a0e0","ts":"2025-08-26T19:00:24.076Z","source":{"id":"0","name":"eventBus"}}
{"__type":"$$EventMessageNode","id":"1f54d9e9-fb3f-45ad-8b7d-8352c7195499","ts":"2025-08-26T19:00:24.137Z","eventName":"n8n.node.finished","message":"n8n.node.finished","payload":{"workflowId":"FUCOIi5kCO0AZu7K","workflowName":"My workflow","executionId":"46","nodeType":"n8n-nodes-base.function","nodeName":"Notify web3.career","nodeId":"c6f21227-bea8-4d97-8b91-451eec622e28"}}
{"__type":"$$EventMessageConfirm","confirm":"1f54d9e9-fb3f-45ad-8b7d-8352c7195499","ts":"2025-08-26T19:00:24.137Z","source":{"id":"0","name":"eventBus"}}
{"__type":"$$EventMessageNode","id":"f4344075-4979-4377-885b-c0dfbf7ef7a5","ts":"2025-08-26T19:00:24.138Z","eventName":"n8n.node.started","message":"n8n.node.started","payload":{"workflowId":"FUCOIi5kCO0AZu7K","workflowName":"My workflow","executionId":"46","nodeType":"n8n-nodes-base.httpRequest","nodeName":"Send Telegram (Log)","nodeId":"4004c1f1-81ac-471c-97f4-dff9222ca39f"}}
{"__type":"$$EventMessageConfirm","confirm":"f4344075-4979-4377-885b-c0dfbf7ef7a5","ts":"2025-08-26T19:00:24.138Z","source":{"id":"0","name":"eventBus"}}
{"__type":"$$EventMessageNode","id":"cc5f855b-7c98-4e0f-8af3-d24367c1c0b9","ts":"2025-08-26T19:00:24.763Z","eventName":"n8n.node.finished","message":"n8n.node.finished","payload":{"workflowId":"FUCOIi5kCO0AZu7K","workflowName":"My workflow","executionId":"46","nodeType":"n8n-nodes-base.httpRequest","nodeName":"Send Telegram (Log)","nodeId":"4004c1f1-81ac-471c-97f4-dff9222ca39f"}}
{"__type":"$$EventMessageConfirm","confirm":"cc5f855b-7c98-4e0f-8af3-d24367c1c0b9","ts":"2025-08-26T19:00:24.763Z","source":{"id":"0","name":"eventBus"}}
{"__type":"$$EventMessageWorkflow","id":"d9d59185-137c-43cd-9835-24a48d38d80d","ts":"2025-08-26T19:00:24.766Z","eventName":"n8n.workflow.failed","message":"n8n.workflow.failed","payload":{"userId":"a2335b8d-41ed-43d2-b946-52867d6a90bc","executionId":"46","success":false,"isManual":true,"workflowId":"FUCOIi5kCO0AZu7K","workflowName":"My workflow","lastNodeExecuted":"Send Telegram (Log)","errorNodeType":"n8n-nodes-base.httpRequest","errorMessage":"Bad request - please check your parameters"}}
{"__type":"$$EventMessageConfirm","confirm":"d9d59185-137c-43cd-9835-24a48d38d80d","ts":"2025-08-26T19:00:24.766Z","source":{"id":"0","name":"eventBus"}}
{"__type":"$$EventMessageWorkflow","id":"d18f64bb-c579-48dc-91a5-759baed4a936","ts":"2025-08-26T19:00:34.341Z","eventName":"n8n.workflow.started","message":"n8n.workflow.started","payload":{"executionId":"47","workflowId":"FUCOIi5kCO0AZu7K","isManual":false,"workflowName":"My workflow"}}
{"__type":"$$EventMessageConfirm","confirm":"d18f64bb-c579-48dc-91a5-759baed4a936","ts":"2025-08-26T19:00:34.341Z","source":{"id":"0","name":"eventBus"}}
{"__type":"$$EventMessageNode","id":"cb58d9ee-2da6-469e-b501-11a4f290553d","ts":"2025-08-26T19:00:34.342Z","eventName":"n8n.node.started","message":"n8n.node.started","payload":{"workflowId":"FUCOIi5kCO0AZu7K","workflowName":"My workflow","executionId":"47","nodeType":"n8n-nodes-base.manualTrigger","nodeName":"Manual","nodeId":"c4e862be-ea80-41b3-a5cf-43ccd5188d22"}}
{"__type":"$$EventMessageConfirm","confirm":"cb58d9ee-2da6-469e-b501-11a4f290553d","ts":"2025-08-26T19:00:34.342Z","source":{"id":"0","name":"eventBus"}}
{"__type":"$$EventMessageNode","id":"fe4ea4a4-ca43-4b2b-83c9-49d10fd88656","ts":"2025-08-26T19:00:34.345Z","eventName":"n8n.node.finished","message":"n8n.node.finished","payload":{"workflowId":"FUCOIi5kCO0AZu7K","workflowName":"My workflow","executionId":"47","nodeType":"n8n-nodes-base.manualTrigger","nodeName":"Manual","nodeId":"c4e862be-ea80-41b3-a5cf-43ccd5188d22"}}
{"__type":"$$EventMessageConfirm","confirm":"fe4ea4a4-ca43-4b2b-83c9-49d10fd88656","ts":"2025-08-26T19:00:34.345Z","source":{"id":"0","name":"eventBus"}}
{"__type":"$$EventMessageNode","id":"fb6aefe5-afff-4c7e-ae98-2f7bf8bc5a84","ts":"2025-08-26T19:00:34.346Z","eventName":"n8n.node.started","message":"n8n.node.started","payload":{"workflowId":"FUCOIi5kCO0AZu7K","workflowName":"My workflow","executionId":"47","nodeType":"n8n-nodes-base.set","nodeName":"Config (Jobs)","nodeId":"ebf6650f-e492-4733-bdef-fb8c8653e589"}}
{"__type":"$$EventMessageConfirm","confirm":"fb6aefe5-afff-4c7e-ae98-2f7bf8bc5a84","ts":"2025-08-26T19:00:34.346Z","source":{"id":"0","name":"eventBus"}}
{"__type":"$$EventMessageNode","id":"e24de19e-d587-4820-847e-78b459c3a63a","ts":"2025-08-26T19:00:34.347Z","eventName":"n8n.node.finished","message":"n8n.node.finished","payload":{"workflowId":"FUCOIi5kCO0AZu7K","workflowName":"My workflow","executionId":"47","nodeType":"n8n-nodes-base.set","nodeName":"Config (Jobs)","nodeId":"ebf6650f-e492-4733-bdef-fb8c8653e589"}}
{"__type":"$$EventMessageConfirm","confirm":"e24de19e-d587-4820-847e-78b459c3a63a","ts":"2025-08-26T19:00:34.347Z","source":{"id":"0","name":"eventBus"}}
{"__type":"$$EventMessageNode","id":"8fdc5508-faa5-4773-9b5c-e7d4230d87ae","ts":"2025-08-26T19:00:34.348Z","eventName":"n8n.node.started","message":"n8n.node.started","payload":{"workflowId":"FUCOIi5kCO0AZu7K","workflowName":"My workflow","executionId":"47","nodeType":"n8n-nodes-base.httpRequest","nodeName":"Get Updates","nodeId":"7222d5f1-62d8-4b95-b846-b57902f91e06"}}
{"__type":"$$EventMessageConfirm","confirm":"8fdc5508-faa5-4773-9b5c-e7d4230d87ae","ts":"2025-08-26T19:00:34.348Z","source":{"id":"0","name":"eventBus"}}
{"__type":"$$EventMessageNode","id":"18bd9976-5bb7-4b23-b4b2-3fca334b39c0","ts":"2025-08-26T19:00:35.049Z","eventName":"n8n.node.finished","message":"n8n.node.finished","payload":{"workflowId":"FUCOIi5kCO0AZu7K","workflowName":"My workflow","executionId":"47","nodeType":"n8n-nodes-base.httpRequest","nodeName":"Get Updates","nodeId":"7222d5f1-62d8-4b95-b846-b57902f91e06"}}
{"__type":"$$EventMessageConfirm","confirm":"18bd9976-5bb7-4b23-b4b2-3fca334b39c0","ts":"2025-08-26T19:00:35.049Z","source":{"id":"0","name":"eventBus"}}
{"__type":"$$EventMessageNode","id":"219a0bd9-d339-4f3b-8a7b-ecdad086fb8d","ts":"2025-08-26T19:00:35.050Z","eventName":"n8n.node.started","message":"n8n.node.started","payload":{"workflowId":"FUCOIi5kCO0AZu7K","workflowName":"My workflow","executionId":"47","nodeType":"n8n-nodes-base.httpRequest","nodeName":"Fetch Web3.career","nodeId":"b2c5a744-6418-4b98-9220-e70a0baaf0b6"}}
{"__type":"$$EventMessageConfirm","confirm":"219a0bd9-d339-4f3b-8a7b-ecdad086fb8d","ts":"2025-08-26T19:00:35.050Z","source":{"id":"0","name":"eventBus"}}
{"__type":"$$EventMessageNode","id":"07659a92-037e-439b-a548-38865dda7a33","ts":"2025-08-26T19:00:36.377Z","eventName":"n8n.node.finished","message":"n8n.node.finished","payload":{"workflowId":"FUCOIi5kCO0AZu7K","workflowName":"My workflow","executionId":"47","nodeType":"n8n-nodes-base.httpRequest","nodeName":"Fetch Web3.career","nodeId":"b2c5a744-6418-4b98-9220-e70a0baaf0b6"}}
{"__type":"$$EventMessageConfirm","confirm":"07659a92-037e-439b-a548-38865dda7a33","ts":"2025-08-26T19:00:36.377Z","source":{"id":"0","name":"eventBus"}}
{"__type":"$$EventMessageNode","id":"9d51d750-3864-4b5b-bc96-3c2c87267f2f","ts":"2025-08-26T19:00:36.378Z","eventName":"n8n.node.started","message":"n8n.node.started","payload":{"workflowId":"FUCOIi5kCO0AZu7K","workflowName":"My workflow","executionId":"47","nodeType":"n8n-nodes-base.function","nodeName":"Notify web3.career","nodeId":"c6f21227-bea8-4d97-8b91-451eec622e28"}}
{"__type":"$$EventMessageConfirm","confirm":"9d51d750-3864-4b5b-bc96-3c2c87267f2f","ts":"2025-08-26T19:00:36.378Z","source":{"id":"0","name":"eventBus"}}
{"__type":"$$EventMessageNode","id":"58cbcf5a-8840-43aa-94bf-6eb6b5dde9c9","ts":"2025-08-26T19:00:36.387Z","eventName":"n8n.node.finished","message":"n8n.node.finished","payload":{"workflowId":"FUCOIi5kCO0AZu7K","workflowName":"My workflow","executionId":"47","nodeType":"n8n-nodes-base.function","nodeName":"Notify web3.career","nodeId":"c6f21227-bea8-4d97-8b91-451eec622e28"}}
{"__type":"$$EventMessageConfirm","confirm":"58cbcf5a-8840-43aa-94bf-6eb6b5dde9c9","ts":"2025-08-26T19:00:36.387Z","source":{"id":"0","name":"eventBus"}}
{"__type":"$$EventMessageNode","id":"f5416532-87b2-49b6-beaf-ba2f99d702ea","ts":"2025-08-26T19:00:36.388Z","eventName":"n8n.node.started","message":"n8n.node.started","payload":{"workflowId":"FUCOIi5kCO0AZu7K","workflowName":"My workflow","executionId":"47","nodeType":"n8n-nodes-base.httpRequest","nodeName":"Send Telegram (Log)","nodeId":"4004c1f1-81ac-471c-97f4-dff9222ca39f"}}
{"__type":"$$EventMessageConfirm","confirm":"f5416532-87b2-49b6-beaf-ba2f99d702ea","ts":"2025-08-26T19:00:36.388Z","source":{"id":"0","name":"eventBus"}}
{"__type":"$$EventMessageNode","id":"a6a1a517-4fc1-4ec1-ac81-66bf4b443a14","ts":"2025-08-26T19:00:36.911Z","eventName":"n8n.node.finished","message":"n8n.node.finished","payload":{"workflowId":"FUCOIi5kCO0AZu7K","workflowName":"My workflow","executionId":"47","nodeType":"n8n-nodes-base.httpRequest","nodeName":"Send Telegram (Log)","nodeId":"4004c1f1-81ac-471c-97f4-dff9222ca39f"}}
{"__type":"$$EventMessageConfirm","confirm":"a6a1a517-4fc1-4ec1-ac81-66bf4b443a14","ts":"2025-08-26T19:00:36.911Z","source":{"id":"0","name":"eventBus"}}
{"__type":"$$EventMessageWorkflow","id":"f1354dc4-b63c-4c67-b717-bbe91e8f2840","ts":"2025-08-26T19:00:36.911Z","eventName":"n8n.workflow.failed","message":"n8n.workflow.failed","payload":{"userId":"a2335b8d-41ed-43d2-b946-52867d6a90bc","executionId":"47","success":false,"isManual":true,"workflowId":"FUCOIi5kCO0AZu7K","workflowName":"My workflow","lastNodeExecuted":"Send Telegram (Log)","errorNodeType":"n8n-nodes-base.httpRequest","errorMessage":"Bad request - please check your parameters"}}
{"__type":"$$EventMessageConfirm","confirm":"f1354dc4-b63c-4c67-b717-bbe91e8f2840","ts":"2025-08-26T19:00:36.911Z","source":{"id":"0","name":"eventBus"}}
{"__type":"$$EventMessageWorkflow","id":"50797d03-5070-496d-872c-f38be38c758a","ts":"2025-08-28T00:32:24.760Z","eventName":"n8n.workflow.started","message":"n8n.workflow.started","payload":{"executionId":"48","workflowId":"FUCOIi5kCO0AZu7K","isManual":false,"workflowName":"My workflow"}}
{"__type":"$$EventMessageConfirm","confirm":"50797d03-5070-496d-872c-f38be38c758a","ts":"2025-08-28T00:32:24.767Z","source":{"id":"0","name":"eventBus"}}
{"__type":"$$EventMessageNode","id":"8dcfefb0-c7a9-43fb-80bd-44d46e56d97a","ts":"2025-08-28T00:32:24.769Z","eventName":"n8n.node.started","message":"n8n.node.started","payload":{"workflowId":"FUCOIi5kCO0AZu7K","workflowName":"My workflow","executionId":"48","nodeType":"n8n-nodes-base.manualTrigger","nodeName":"Manual","nodeId":"619e912d-e566-41d0-9c69-3cc4e29709ed"}}
{"__type":"$$EventMessageConfirm","confirm":"8dcfefb0-c7a9-43fb-80bd-44d46e56d97a","ts":"2025-08-28T00:32:24.770Z","source":{"id":"0","name":"eventBus"}}
{"__type":"$$EventMessageNode","id":"1e7feff0-00b7-47e7-9599-01bc55554122","ts":"2025-08-28T00:32:24.775Z","eventName":"n8n.node.finished","message":"n8n.node.finished","payload":{"workflowId":"FUCOIi5kCO0AZu7K","workflowName":"My workflow","executionId":"48","nodeType":"n8n-nodes-base.manualTrigger","nodeName":"Manual","nodeId":"619e912d-e566-41d0-9c69-3cc4e29709ed"}}
{"__type":"$$EventMessageConfirm","confirm":"1e7feff0-00b7-47e7-9599-01bc55554122","ts":"2025-08-28T00:32:24.775Z","source":{"id":"0","name":"eventBus"}}
{"__type":"$$EventMessageNode","id":"790b1ada-01d7-4e95-99a9-184790ee21a4","ts":"2025-08-28T00:32:24.776Z","eventName":"n8n.node.started","message":"n8n.node.started","payload":{"workflowId":"FUCOIi5kCO0AZu7K","workflowName":"My workflow","executionId":"48","nodeType":"n8n-nodes-base.set","nodeName":"Config (Jobs)","nodeId":"8906910c-c6cc-498e-83f7-d7ad63268401"}}
{"__type":"$$EventMessageConfirm","confirm":"790b1ada-01d7-4e95-99a9-184790ee21a4","ts":"2025-08-28T00:32:24.777Z","source":{"id":"0","name":"eventBus"}}
{"__type":"$$EventMessageNode","id":"8bc88d4b-3a7d-44a4-a9e3-6a7b16b5d71b","ts":"2025-08-28T00:32:24.785Z","eventName":"n8n.node.finished","message":"n8n.node.finished","payload":{"workflowId":"FUCOIi5kCO0AZu7K","workflowName":"My workflow","executionId":"48","nodeType":"n8n-nodes-base.set","nodeName":"Config (Jobs)","nodeId":"8906910c-c6cc-498e-83f7-d7ad63268401"}}
{"__type":"$$EventMessageConfirm","confirm":"8bc88d4b-3a7d-44a4-a9e3-6a7b16b5d71b","ts":"2025-08-28T00:32:24.785Z","source":{"id":"0","name":"eventBus"}}
{"__type":"$$EventMessageNode","id":"44b80965-5f87-4675-8e33-9ed0eeede25c","ts":"2025-08-28T00:32:24.785Z","eventName":"n8n.node.started","message":"n8n.node.started","payload":{"workflowId":"FUCOIi5kCO0AZu7K","workflowName":"My workflow","executionId":"48","nodeType":"n8n-nodes-base.httpRequest","nodeName":"Get Updates","nodeId":"2d09dda8-5aa7-4d34-8a58-55a20a4e444f"}}
{"__type":"$$EventMessageConfirm","confirm":"44b80965-5f87-4675-8e33-9ed0eeede25c","ts":"2025-08-28T00:32:24.786Z","source":{"id":"0","name":"eventBus"}}
{"__type":"$$EventMessageNode","id":"88e26469-cfcc-46cb-bf5c-ee792ad340ba","ts":"2025-08-28T00:32:25.435Z","eventName":"n8n.node.finished","message":"n8n.node.finished","payload":{"workflowId":"FUCOIi5kCO0AZu7K","workflowName":"My workflow","executionId":"48","nodeType":"n8n-nodes-base.httpRequest","nodeName":"Get Updates","nodeId":"2d09dda8-5aa7-4d34-8a58-55a20a4e444f"}}
{"__type":"$$EventMessageConfirm","confirm":"88e26469-cfcc-46cb-bf5c-ee792ad340ba","ts":"2025-08-28T00:32:25.435Z","source":{"id":"0","name":"eventBus"}}
{"__type":"$$EventMessageNode","id":"58eb4b13-7fa2-44aa-8fea-9e63c70fdc78","ts":"2025-08-28T00:32:25.436Z","eventName":"n8n.node.started","message":"n8n.node.started","payload":{"workflowId":"FUCOIi5kCO0AZu7K","workflowName":"My workflow","executionId":"48","nodeType":"n8n-nodes-base.httpRequest","nodeName":"Fetch Web3.career","nodeId":"325f1206-413c-4731-9678-293a4047d350"}}
{"__type":"$$EventMessageConfirm","confirm":"58eb4b13-7fa2-44aa-8fea-9e63c70fdc78","ts":"2025-08-28T00:32:25.436Z","source":{"id":"0","name":"eventBus"}}
{"__type":"$$EventMessageNode","id":"4725b003-6607-48f5-82f5-86e04b6accde","ts":"2025-08-28T00:32:26.821Z","eventName":"n8n.node.finished","message":"n8n.node.finished","payload":{"workflowId":"FUCOIi5kCO0AZu7K","workflowName":"My workflow","executionId":"48","nodeType":"n8n-nodes-base.httpRequest","nodeName":"Fetch Web3.career","nodeId":"325f1206-413c-4731-9678-293a4047d350"}}
{"__type":"$$EventMessageConfirm","confirm":"4725b003-6607-48f5-82f5-86e04b6accde","ts":"2025-08-28T00:32:26.821Z","source":{"id":"0","name":"eventBus"}}
{"__type":"$$EventMessageNode","id":"5444d5a4-fa5a-4add-afe8-92118c68555a","ts":"2025-08-28T00:32:26.823Z","eventName":"n8n.node.started","message":"n8n.node.started","payload":{"workflowId":"FUCOIi5kCO0AZu7K","workflowName":"My workflow","executionId":"48","nodeType":"n8n-nodes-base.function","nodeName":"Notify web3.career","nodeId":"e1083469-ae28-484f-ad43-1b3cdfd88fa3"}}
{"__type":"$$EventMessageConfirm","confirm":"5444d5a4-fa5a-4add-afe8-92118c68555a","ts":"2025-08-28T00:32:26.823Z","source":{"id":"0","name":"eventBus"}}
{"__type":"$$EventMessageNode","id":"782bed80-ad09-45cd-8898-47edda95cd18","ts":"2025-08-28T00:32:26.916Z","eventName":"n8n.node.finished","message":"n8n.node.finished","payload":{"workflowId":"FUCOIi5kCO0AZu7K","workflowName":"My workflow","executionId":"48","nodeType":"n8n-nodes-base.function","nodeName":"Notify web3.career","nodeId":"e1083469-ae28-484f-ad43-1b3cdfd88fa3"}}
{"__type":"$$EventMessageConfirm","confirm":"782bed80-ad09-45cd-8898-47edda95cd18","ts":"2025-08-28T00:32:26.917Z","source":{"id":"0","name":"eventBus"}}
{"__type":"$$EventMessageNode","id":"d2a25da5-4b36-4ed4-b3d0-bf6c488e6848","ts":"2025-08-28T00:32:26.919Z","eventName":"n8n.node.started","message":"n8n.node.started","payload":{"workflowId":"FUCOIi5kCO0AZu7K","workflowName":"My workflow","executionId":"48","nodeType":"n8n-nodes-base.httpRequest","nodeName":"Send Telegram (Log)","nodeId":"38bfff19-8443-40a2-a688-e9722a93a081"}}
{"__type":"$$EventMessageConfirm","confirm":"d2a25da5-4b36-4ed4-b3d0-bf6c488e6848","ts":"2025-08-28T00:32:26.920Z","source":{"id":"0","name":"eventBus"}}
{"__type":"$$EventMessageNode","id":"45957d72-1923-4725-9f96-57196a024629","ts":"2025-08-28T00:32:27.557Z","eventName":"n8n.node.finished","message":"n8n.node.finished","payload":{"workflowId":"FUCOIi5kCO0AZu7K","workflowName":"My workflow","executionId":"48","nodeType":"n8n-nodes-base.httpRequest","nodeName":"Send Telegram (Log)","nodeId":"38bfff19-8443-40a2-a688-e9722a93a081"}}
{"__type":"$$EventMessageConfirm","confirm":"45957d72-1923-4725-9f96-57196a024629","ts":"2025-08-28T00:32:27.557Z","source":{"id":"0","name":"eventBus"}}
{"__type":"$$EventMessageWorkflow","id":"b1b7e669-07b0-4f2f-8834-f4eb4d65b683","ts":"2025-08-28T00:32:27.559Z","eventName":"n8n.workflow.failed","message":"n8n.workflow.failed","payload":{"userId":"a2335b8d-41ed-43d2-b946-52867d6a90bc","executionId":"48","success":false,"isManual":true,"workflowId":"FUCOIi5kCO0AZu7K","workflowName":"My workflow","lastNodeExecuted":"Send Telegram (Log)","errorNodeType":"n8n-nodes-base.httpRequest","errorMessage":"Bad request - please check your parameters"}}
{"__type":"$$EventMessageConfirm","confirm":"b1b7e669-07b0-4f2f-8834-f4eb4d65b683","ts":"2025-08-28T00:32:27.559Z","source":{"id":"0","name":"eventBus"}}
{"__type":"$$EventMessageWorkflow","id":"accff958-d94c-4a48-a313-031664c9f01f","ts":"2025-08-28T00:34:09.566Z","eventName":"n8n.workflow.started","message":"n8n.workflow.started","payload":{"executionId":"49","workflowId":"FUCOIi5kCO0AZu7K","isManual":false,"workflowName":"My workflow"}}
{"__type":"$$EventMessageConfirm","confirm":"accff958-d94c-4a48-a313-031664c9f01f","ts":"2025-08-28T00:34:09.566Z","source":{"id":"0","name":"eventBus"}}
{"__type":"$$EventMessageNode","id":"6d3776bf-bf7a-4102-bc09-15d7c20f71e2","ts":"2025-08-28T00:34:09.566Z","eventName":"n8n.node.started","message":"n8n.node.started","payload":{"workflowId":"FUCOIi5kCO0AZu7K","workflowName":"My workflow","executionId":"49","nodeType":"n8n-nodes-base.manualTrigger","nodeName":"Manual","nodeId":"619e912d-e566-41d0-9c69-3cc4e29709ed"}}
{"__type":"$$EventMessageConfirm","confirm":"6d3776bf-bf7a-4102-bc09-15d7c20f71e2","ts":"2025-08-28T00:34:09.566Z","source":{"id":"0","name":"eventBus"}}
{"__type":"$$EventMessageNode","id":"58464c23-bf25-488c-a901-5cbc6c8150af","ts":"2025-08-28T00:34:09.568Z","eventName":"n8n.node.finished","message":"n8n.node.finished","payload":{"workflowId":"FUCOIi5kCO0AZu7K","workflowName":"My workflow","executionId":"49","nodeType":"n8n-nodes-base.manualTrigger","nodeName":"Manual","nodeId":"619e912d-e566-41d0-9c69-3cc4e29709ed"}}
{"__type":"$$EventMessageConfirm","confirm":"58464c23-bf25-488c-a901-5cbc6c8150af","ts":"2025-08-28T00:34:09.568Z","source":{"id":"0","name":"eventBus"}}
{"__type":"$$EventMessageNode","id":"92e8730a-30d8-4aca-a114-fbd7617d4e85","ts":"2025-08-28T00:34:09.568Z","eventName":"n8n.node.started","message":"n8n.node.started","payload":{"workflowId":"FUCOIi5kCO0AZu7K","workflowName":"My workflow","executionId":"49","nodeType":"n8n-nodes-base.set","nodeName":"Config (Jobs)","nodeId":"8906910c-c6cc-498e-83f7-d7ad63268401"}}
{"__type":"$$EventMessageConfirm","confirm":"92e8730a-30d8-4aca-a114-fbd7617d4e85","ts":"2025-08-28T00:34:09.568Z","source":{"id":"0","name":"eventBus"}}
{"__type":"$$EventMessageNode","id":"08cde040-c99a-4b3d-a430-f496dea7b3b5","ts":"2025-08-28T00:34:09.570Z","eventName":"n8n.node.finished","message":"n8n.node.finished","payload":{"workflowId":"FUCOIi5kCO0AZu7K","workflowName":"My workflow","executionId":"49","nodeType":"n8n-nodes-base.set","nodeName":"Config (Jobs)","nodeId":"8906910c-c6cc-498e-83f7-d7ad63268401"}}
{"__type":"$$EventMessageConfirm","confirm":"08cde040-c99a-4b3d-a430-f496dea7b3b5","ts":"2025-08-28T00:34:09.570Z","source":{"id":"0","name":"eventBus"}}
{"__type":"$$EventMessageNode","id":"eee55e7a-b8ca-472e-ac81-f669b040b72e","ts":"2025-08-28T00:34:09.570Z","eventName":"n8n.node.started","message":"n8n.node.started","payload":{"workflowId":"FUCOIi5kCO0AZu7K","workflowName":"My workflow","executionId":"49","nodeType":"n8n-nodes-base.httpRequest","nodeName":"Get Updates","nodeId":"2d09dda8-5aa7-4d34-8a58-55a20a4e444f"}}
{"__type":"$$EventMessageConfirm","confirm":"eee55e7a-b8ca-472e-ac81-f669b040b72e","ts":"2025-08-28T00:34:09.570Z","source":{"id":"0","name":"eventBus"}}
{"__type":"$$EventMessageNode","id":"448f2516-0f38-454c-a106-a8aab377c6cc","ts":"2025-08-28T00:34:10.730Z","eventName":"n8n.node.finished","message":"n8n.node.finished","payload":{"workflowId":"FUCOIi5kCO0AZu7K","workflowName":"My workflow","executionId":"49","nodeType":"n8n-nodes-base.httpRequest","nodeName":"Get Updates","nodeId":"2d09dda8-5aa7-4d34-8a58-55a20a4e444f"}}
{"__type":"$$EventMessageConfirm","confirm":"448f2516-0f38-454c-a106-a8aab377c6cc","ts":"2025-08-28T00:34:10.730Z","source":{"id":"0","name":"eventBus"}}
{"__type":"$$EventMessageNode","id":"779f515c-1a3d-4041-a430-356b07e54357","ts":"2025-08-28T00:34:10.732Z","eventName":"n8n.node.started","message":"n8n.node.started","payload":{"workflowId":"FUCOIi5kCO0AZu7K","workflowName":"My workflow","executionId":"49","nodeType":"n8n-nodes-base.httpRequest","nodeName":"Fetch Web3.career","nodeId":"325f1206-413c-4731-9678-293a4047d350"}}
{"__type":"$$EventMessageConfirm","confirm":"779f515c-1a3d-4041-a430-356b07e54357","ts":"2025-08-28T00:34:10.733Z","source":{"id":"0","name":"eventBus"}}
{"__type":"$$EventMessageNode","id":"f7a09abb-fb30-4d15-8f57-64900d0f19a1","ts":"2025-08-28T00:34:12.956Z","eventName":"n8n.node.finished","message":"n8n.node.finished","payload":{"workflowId":"FUCOIi5kCO0AZu7K","workflowName":"My workflow","executionId":"49","nodeType":"n8n-nodes-base.httpRequest","nodeName":"Fetch Web3.career","nodeId":"325f1206-413c-4731-9678-293a4047d350"}}
{"__type":"$$EventMessageConfirm","confirm":"f7a09abb-fb30-4d15-8f57-64900d0f19a1","ts":"2025-08-28T00:34:12.956Z","source":{"id":"0","name":"eventBus"}}
{"__type":"$$EventMessageNode","id":"58239035-6f93-4f45-9f04-659341b76122","ts":"2025-08-28T00:34:12.958Z","eventName":"n8n.node.started","message":"n8n.node.started","payload":{"workflowId":"FUCOIi5kCO0AZu7K","workflowName":"My workflow","executionId":"49","nodeType":"n8n-nodes-base.function","nodeName":"Notify web3.career","nodeId":"e1083469-ae28-484f-ad43-1b3cdfd88fa3"}}
{"__type":"$$EventMessageConfirm","confirm":"58239035-6f93-4f45-9f04-659341b76122","ts":"2025-08-28T00:34:12.958Z","source":{"id":"0","name":"eventBus"}}
{"__type":"$$EventMessageNode","id":"82a1b36b-fc90-424d-9514-fef3b71e29e7","ts":"2025-08-28T00:34:12.967Z","eventName":"n8n.node.finished","message":"n8n.node.finished","payload":{"workflowId":"FUCOIi5kCO0AZu7K","workflowName":"My workflow","executionId":"49","nodeType":"n8n-nodes-base.function","nodeName":"Notify web3.career","nodeId":"e1083469-ae28-484f-ad43-1b3cdfd88fa3"}}
{"__type":"$$EventMessageConfirm","confirm":"82a1b36b-fc90-424d-9514-fef3b71e29e7","ts":"2025-08-28T00:34:12.967Z","source":{"id":"0","name":"eventBus"}}
{"__type":"$$EventMessageNode","id":"2fbd7ec6-994b-40e6-9523-bbd06fe175d4","ts":"2025-08-28T00:34:12.968Z","eventName":"n8n.node.started","message":"n8n.node.started","payload":{"workflowId":"FUCOIi5kCO0AZu7K","workflowName":"My workflow","executionId":"49","nodeType":"n8n-nodes-base.httpRequest","nodeName":"Send Telegram (Log)","nodeId":"38bfff19-8443-40a2-a688-e9722a93a081"}}
{"__type":"$$EventMessageConfirm","confirm":"2fbd7ec6-994b-40e6-9523-bbd06fe175d4","ts":"2025-08-28T00:34:12.968Z","source":{"id":"0","name":"eventBus"}}
{"__type":"$$EventMessageNode","id":"28e5690f-b6b1-44f0-8345-7115054bb74f","ts":"2025-08-28T00:34:13.571Z","eventName":"n8n.node.finished","message":"n8n.node.finished","payload":{"workflowId":"FUCOIi5kCO0AZu7K","workflowName":"My workflow","executionId":"49","nodeType":"n8n-nodes-base.httpRequest","nodeName":"Send Telegram (Log)","nodeId":"38bfff19-8443-40a2-a688-e9722a93a081"}}
{"__type":"$$EventMessageConfirm","confirm":"28e5690f-b6b1-44f0-8345-7115054bb74f","ts":"2025-08-28T00:34:13.571Z","source":{"id":"0","name":"eventBus"}}
{"__type":"$$EventMessageWorkflow","id":"71f2df07-9789-407f-b799-c859a6ee8bbe","ts":"2025-08-28T00:34:13.571Z","eventName":"n8n.workflow.failed","message":"n8n.workflow.failed","payload":{"userId":"a2335b8d-41ed-43d2-b946-52867d6a90bc","executionId":"49","success":false,"isManual":true,"workflowId":"FUCOIi5kCO0AZu7K","workflowName":"My workflow","lastNodeExecuted":"Send Telegram (Log)","errorNodeType":"n8n-nodes-base.httpRequest","errorMessage":"Bad request - please check your parameters"}}
{"__type":"$$EventMessageConfirm","confirm":"71f2df07-9789-407f-b799-c859a6ee8bbe","ts":"2025-08-28T00:34:13.572Z","source":{"id":"0","name":"eventBus"}}
{"__type":"$$EventMessageWorkflow","id":"86a8045e-a8a1-454b-810c-e4910f419e3a","ts":"2025-08-28T00:41:49.829Z","eventName":"n8n.workflow.started","message":"n8n.workflow.started","payload":{"executionId":"50","workflowId":"FUCOIi5kCO0AZu7K","isManual":false,"workflowName":"My workflow"}}
{"__type":"$$EventMessageConfirm","confirm":"86a8045e-a8a1-454b-810c-e4910f419e3a","ts":"2025-08-28T00:41:49.829Z","source":{"id":"0","name":"eventBus"}}
{"__type":"$$EventMessageNode","id":"031a8c66-e43f-4aa6-8e2b-a375dc9547ce","ts":"2025-08-28T00:41:49.830Z","eventName":"n8n.node.started","message":"n8n.node.started","payload":{"workflowId":"FUCOIi5kCO0AZu7K","workflowName":"My workflow","executionId":"50","nodeType":"n8n-nodes-base.cron","nodeName":"Cron (Jobs Digest)","nodeId":"044307b2-8515-4771-81b4-e52ffaf380ff"}}
{"__type":"$$EventMessageConfirm","confirm":"031a8c66-e43f-4aa6-8e2b-a375dc9547ce","ts":"2025-08-28T00:41:49.831Z","source":{"id":"0","name":"eventBus"}}
{"__type":"$$EventMessageNode","id":"52f79717-79d5-49d8-a3f6-e49b9ede4aea","ts":"2025-08-28T00:41:49.878Z","eventName":"n8n.node.finished","message":"n8n.node.finished","payload":{"workflowId":"FUCOIi5kCO0AZu7K","workflowName":"My workflow","executionId":"50","nodeType":"n8n-nodes-base.cron","nodeName":"Cron (Jobs Digest)","nodeId":"044307b2-8515-4771-81b4-e52ffaf380ff"}}
{"__type":"$$EventMessageConfirm","confirm":"52f79717-79d5-49d8-a3f6-e49b9ede4aea","ts":"2025-08-28T00:41:49.878Z","source":{"id":"0","name":"eventBus"}}
{"__type":"$$EventMessageNode","id":"952799d5-baf6-4af4-a062-102721bd0ef6","ts":"2025-08-28T00:41:49.878Z","eventName":"n8n.node.started","message":"n8n.node.started","payload":{"workflowId":"FUCOIi5kCO0AZu7K","workflowName":"My workflow","executionId":"50","nodeType":"n8n-nodes-base.set","nodeName":"Config (Jobs)","nodeId":"8906910c-c6cc-498e-83f7-d7ad63268401"}}
{"__type":"$$EventMessageConfirm","confirm":"952799d5-baf6-4af4-a062-102721bd0ef6","ts":"2025-08-28T00:41:49.878Z","source":{"id":"0","name":"eventBus"}}
{"__type":"$$EventMessageNode","id":"10237ef3-dd47-499f-8ae8-7c1d8b2ee744","ts":"2025-08-28T00:41:49.880Z","eventName":"n8n.node.finished","message":"n8n.node.finished","payload":{"workflowId":"FUCOIi5kCO0AZu7K","workflowName":"My workflow","executionId":"50","nodeType":"n8n-nodes-base.set","nodeName":"Config (Jobs)","nodeId":"8906910c-c6cc-498e-83f7-d7ad63268401"}}
{"__type":"$$EventMessageConfirm","confirm":"10237ef3-dd47-499f-8ae8-7c1d8b2ee744","ts":"2025-08-28T00:41:49.880Z","source":{"id":"0","name":"eventBus"}}
{"__type":"$$EventMessageNode","id":"4a25f0b1-5288-4a1e-a2b2-29a34307de2c","ts":"2025-08-28T00:41:49.881Z","eventName":"n8n.node.started","message":"n8n.node.started","payload":{"workflowId":"FUCOIi5kCO0AZu7K","workflowName":"My workflow","executionId":"50","nodeType":"n8n-nodes-base.httpRequest","nodeName":"Get Updates","nodeId":"2d09dda8-5aa7-4d34-8a58-55a20a4e444f"}}
{"__type":"$$EventMessageConfirm","confirm":"4a25f0b1-5288-4a1e-a2b2-29a34307de2c","ts":"2025-08-28T00:41:49.881Z","source":{"id":"0","name":"eventBus"}}
{"__type":"$$EventMessageNode","id":"bb457521-2351-4e27-9ea9-e5fe275f1baf","ts":"2025-08-28T00:41:50.475Z","eventName":"n8n.node.finished","message":"n8n.node.finished","payload":{"workflowId":"FUCOIi5kCO0AZu7K","workflowName":"My workflow","executionId":"50","nodeType":"n8n-nodes-base.httpRequest","nodeName":"Get Updates","nodeId":"2d09dda8-5aa7-4d34-8a58-55a20a4e444f"}}
{"__type":"$$EventMessageConfirm","confirm":"bb457521-2351-4e27-9ea9-e5fe275f1baf","ts":"2025-08-28T00:41:50.475Z","source":{"id":"0","name":"eventBus"}}
{"__type":"$$EventMessageNode","id":"2d62b975-9366-4afe-bc43-6e5c9eef5e96","ts":"2025-08-28T00:41:50.476Z","eventName":"n8n.node.started","message":"n8n.node.started","payload":{"workflowId":"FUCOIi5kCO0AZu7K","workflowName":"My workflow","executionId":"50","nodeType":"n8n-nodes-base.httpRequest","nodeName":"Fetch Web3.career","nodeId":"325f1206-413c-4731-9678-293a4047d350"}}
{"__type":"$$EventMessageConfirm","confirm":"2d62b975-9366-4afe-bc43-6e5c9eef5e96","ts":"2025-08-28T00:41:50.476Z","source":{"id":"0","name":"eventBus"}}
{"__type":"$$EventMessageNode","id":"9caa9439-45a1-4b97-841c-800219b698ae","ts":"2025-08-28T00:41:51.921Z","eventName":"n8n.node.finished","message":"n8n.node.finished","payload":{"workflowId":"FUCOIi5kCO0AZu7K","workflowName":"My workflow","executionId":"50","nodeType":"n8n-nodes-base.httpRequest","nodeName":"Fetch Web3.career","nodeId":"325f1206-413c-4731-9678-293a4047d350"}}
{"__type":"$$EventMessageConfirm","confirm":"9caa9439-45a1-4b97-841c-800219b698ae","ts":"2025-08-28T00:41:51.921Z","source":{"id":"0","name":"eventBus"}}
{"__type":"$$EventMessageNode","id":"b5054b71-7e1a-478e-b929-d43ce0e37f25","ts":"2025-08-28T00:41:51.922Z","eventName":"n8n.node.started","message":"n8n.node.started","payload":{"workflowId":"FUCOIi5kCO0AZu7K","workflowName":"My workflow","executionId":"50","nodeType":"n8n-nodes-base.function","nodeName":"Notify web3.career","nodeId":"e1083469-ae28-484f-ad43-1b3cdfd88fa3"}}
{"__type":"$$EventMessageConfirm","confirm":"b5054b71-7e1a-478e-b929-d43ce0e37f25","ts":"2025-08-28T00:41:51.922Z","source":{"id":"0","name":"eventBus"}}
{"__type":"$$EventMessageNode","id":"699a6522-f7d2-44c6-ab63-84dd45348cff","ts":"2025-08-28T00:41:51.933Z","eventName":"n8n.node.finished","message":"n8n.node.finished","payload":{"workflowId":"FUCOIi5kCO0AZu7K","workflowName":"My workflow","executionId":"50","nodeType":"n8n-nodes-base.function","nodeName":"Notify web3.career","nodeId":"e1083469-ae28-484f-ad43-1b3cdfd88fa3"}}
{"__type":"$$EventMessageConfirm","confirm":"699a6522-f7d2-44c6-ab63-84dd45348cff","ts":"2025-08-28T00:41:51.933Z","source":{"id":"0","name":"eventBus"}}
{"__type":"$$EventMessageNode","id":"72bccbb9-5d13-4119-86e1-75fbf5391766","ts":"2025-08-28T00:41:51.934Z","eventName":"n8n.node.started","message":"n8n.node.started","payload":{"workflowId":"FUCOIi5kCO0AZu7K","workflowName":"My workflow","executionId":"50","nodeType":"n8n-nodes-base.httpRequest","nodeName":"Send Telegram (Log)","nodeId":"38bfff19-8443-40a2-a688-e9722a93a081"}}
{"__type":"$$EventMessageConfirm","confirm":"72bccbb9-5d13-4119-86e1-75fbf5391766","ts":"2025-08-28T00:41:51.934Z","source":{"id":"0","name":"eventBus"}}
{"__type":"$$EventMessageNode","id":"0057012a-b8cf-4b1b-b994-fa50db6fc197","ts":"2025-08-28T00:41:52.491Z","eventName":"n8n.node.finished","message":"n8n.node.finished","payload":{"workflowId":"FUCOIi5kCO0AZu7K","workflowName":"My workflow","executionId":"50","nodeType":"n8n-nodes-base.httpRequest","nodeName":"Send Telegram (Log)","nodeId":"38bfff19-8443-40a2-a688-e9722a93a081"}}
{"__type":"$$EventMessageConfirm","confirm":"0057012a-b8cf-4b1b-b994-fa50db6fc197","ts":"2025-08-28T00:41:52.491Z","source":{"id":"0","name":"eventBus"}}
{"__type":"$$EventMessageWorkflow","id":"332f23ce-6ad4-4b10-984c-5dd898b8103d","ts":"2025-08-28T00:41:52.492Z","eventName":"n8n.workflow.failed","message":"n8n.workflow.failed","payload":{"userId":"a2335b8d-41ed-43d2-b946-52867d6a90bc","executionId":"50","success":false,"isManual":true,"workflowId":"FUCOIi5kCO0AZu7K","workflowName":"My workflow","lastNodeExecuted":"Send Telegram (Log)","errorNodeType":"n8n-nodes-base.httpRequest","errorMessage":"Bad request - please check your parameters"}}
{"__type":"$$EventMessageConfirm","confirm":"332f23ce-6ad4-4b10-984c-5dd898b8103d","ts":"2025-08-28T00:41:52.492Z","source":{"id":"0","name":"eventBus"}}
