{"__type":"$$EventMessageAudit","id":"3ae64a0b-07a9-4901-bb1a-1027949600cc","ts":"2025-08-26T14:44:27.173+00:00","eventName":"n8n.audit.workflow.created","message":"n8n.audit.workflow.created","payload":{"userId":"a2335b8d-41ed-43d2-b946-52867d6a90bc","_email":"adewuyiqa@gmail.com","_firstName":"ade","_lastName":"wuyi","globalRole":"global:owner","workflowId":"FUCOIi5kCO0AZu7K","workflowName":"My workflow"}}
{"__type":"$$EventMessageConfirm","confirm":"3ae64a0b-07a9-4901-bb1a-1027949600cc","ts":"2025-08-26T14:44:27.174+00:00","source":{"id":"0","name":"eventBus"}}
{"__type":"$$EventMessageWorkflow","id":"cbc9ac1e-c24a-41eb-81c9-4aa455727a63","ts":"2025-08-26T14:44:28.809+00:00","eventName":"n8n.workflow.started","message":"n8n.workflow.started","payload":{"executionId":"1","workflowId":"FUCOIi5kCO0AZu7K","isManual":false,"workflowName":"My workflow"}}
{"__type":"$$EventMessageConfirm","confirm":"cbc9ac1e-c24a-41eb-81c9-4aa455727a63","ts":"2025-08-26T14:44:28.809+00:00","source":{"id":"0","name":"eventBus"}}
{"__type":"$$EventMessageNode","id":"76b5bd17-fcac-48a6-b365-66f24b67b7c0","ts":"2025-08-26T14:44:28.811+00:00","eventName":"n8n.node.started","message":"n8n.node.started","payload":{"workflowId":"FUCOIi5kCO0AZu7K","workflowName":"My workflow","executionId":"1","nodeType":"n8n-nodes-base.cron","nodeName":"Cron (Jobs Digest)","nodeId":"4338803d-feec-47eb-9551-28a62613fc89"}}
{"__type":"$$EventMessageConfirm","confirm":"76b5bd17-fcac-48a6-b365-66f24b67b7c0","ts":"2025-08-26T14:44:28.812+00:00","source":{"id":"0","name":"eventBus"}}
{"__type":"$$EventMessageNode","id":"e68b2a5f-0c15-4e42-8295-ef0633d2dd56","ts":"2025-08-26T14:44:28.835+00:00","eventName":"n8n.node.finished","message":"n8n.node.finished","payload":{"workflowId":"FUCOIi5kCO0AZu7K","workflowName":"My workflow","executionId":"1","nodeType":"n8n-nodes-base.cron","nodeName":"Cron (Jobs Digest)","nodeId":"4338803d-feec-47eb-9551-28a62613fc89"}}
{"__type":"$$EventMessageConfirm","confirm":"e68b2a5f-0c15-4e42-8295-ef0633d2dd56","ts":"2025-08-26T14:44:28.835+00:00","source":{"id":"0","name":"eventBus"}}
{"__type":"$$EventMessageNode","id":"7f57e14a-4f94-4dfc-8d11-97f6cd271fc1","ts":"2025-08-26T14:44:28.837+00:00","eventName":"n8n.node.started","message":"n8n.node.started","payload":{"workflowId":"FUCOIi5kCO0AZu7K","workflowName":"My workflow","executionId":"1","nodeType":"n8n-nodes-base.set","nodeName":"Config (Jobs)","nodeId":"ae9ebe60-ec8e-4831-a46c-76c90f68dc30"}}
{"__type":"$$EventMessageConfirm","confirm":"7f57e14a-4f94-4dfc-8d11-97f6cd271fc1","ts":"2025-08-26T14:44:28.837+00:00","source":{"id":"0","name":"eventBus"}}
{"__type":"$$EventMessageNode","id":"99d35276-a465-469e-939b-0ca1b8c838a5","ts":"2025-08-26T14:44:28.844+00:00","eventName":"n8n.node.finished","message":"n8n.node.finished","payload":{"workflowId":"FUCOIi5kCO0AZu7K","workflowName":"My workflow","executionId":"1","nodeType":"n8n-nodes-base.set","nodeName":"Config (Jobs)","nodeId":"ae9ebe60-ec8e-4831-a46c-76c90f68dc30"}}
{"__type":"$$EventMessageConfirm","confirm":"99d35276-a465-469e-939b-0ca1b8c838a5","ts":"2025-08-26T14:44:28.844+00:00","source":{"id":"0","name":"eventBus"}}
{"__type":"$$EventMessageNode","id":"539af4ae-ec07-4cef-b634-e080d177873f","ts":"2025-08-26T14:44:28.847+00:00","eventName":"n8n.node.started","message":"n8n.node.started","payload":{"workflowId":"FUCOIi5kCO0AZu7K","workflowName":"My workflow","executionId":"1","nodeType":"n8n-nodes-base.httpRequest","nodeName":"Get Updates","nodeId":"5eab6c6c-7ac1-4fd1-bf77-ed99c18ff5e5"}}
{"__type":"$$EventMessageConfirm","confirm":"539af4ae-ec07-4cef-b634-e080d177873f","ts":"2025-08-26T14:44:28.847+00:00","source":{"id":"0","name":"eventBus"}}
{"__type":"$$EventMessageNode","id":"92e52edf-3c46-42e8-ae50-1086b281fbaa","ts":"2025-08-26T14:44:29.604Z","eventName":"n8n.node.finished","message":"n8n.node.finished","payload":{"workflowId":"FUCOIi5kCO0AZu7K","workflowName":"My workflow","executionId":"1","nodeType":"n8n-nodes-base.httpRequest","nodeName":"Get Updates","nodeId":"5eab6c6c-7ac1-4fd1-bf77-ed99c18ff5e5"}}
{"__type":"$$EventMessageConfirm","confirm":"92e52edf-3c46-42e8-ae50-1086b281fbaa","ts":"2025-08-26T14:44:29.604Z","source":{"id":"0","name":"eventBus"}}
{"__type":"$$EventMessageNode","id":"f112ae4e-b69f-4668-aaf3-f7f73fdcb0f9","ts":"2025-08-26T14:44:29.606Z","eventName":"n8n.node.started","message":"n8n.node.started","payload":{"workflowId":"FUCOIi5kCO0AZu7K","workflowName":"My workflow","executionId":"1","nodeType":"n8n-nodes-base.httpRequest","nodeName":"Fetch Web3.career","nodeId":"aec6d711-98c9-4868-9fd1-12c6983a2e2f"}}
{"__type":"$$EventMessageConfirm","confirm":"f112ae4e-b69f-4668-aaf3-f7f73fdcb0f9","ts":"2025-08-26T14:44:29.607Z","source":{"id":"0","name":"eventBus"}}
{"__type":"$$EventMessageNode","id":"51be87ea-bf8b-442d-8ab5-090a7a33673e","ts":"2025-08-26T14:44:31.121Z","eventName":"n8n.node.finished","message":"n8n.node.finished","payload":{"workflowId":"FUCOIi5kCO0AZu7K","workflowName":"My workflow","executionId":"1","nodeType":"n8n-nodes-base.httpRequest","nodeName":"Fetch Web3.career","nodeId":"aec6d711-98c9-4868-9fd1-12c6983a2e2f"}}
{"__type":"$$EventMessageConfirm","confirm":"51be87ea-bf8b-442d-8ab5-090a7a33673e","ts":"2025-08-26T14:44:31.121Z","source":{"id":"0","name":"eventBus"}}
{"__type":"$$EventMessageNode","id":"b112f5e5-a7e1-4a86-86fc-eb096c146577","ts":"2025-08-26T14:44:31.124Z","eventName":"n8n.node.started","message":"n8n.node.started","payload":{"workflowId":"FUCOIi5kCO0AZu7K","workflowName":"My workflow","executionId":"1","nodeType":"n8n-nodes-base.httpRequest","nodeName":"Fetch CryptocurrencyJobs","nodeId":"b85143ae-34b6-468c-bc7a-bbdbf78d2acb"}}
{"__type":"$$EventMessageConfirm","confirm":"b112f5e5-a7e1-4a86-86fc-eb096c146577","ts":"2025-08-26T14:44:31.124Z","source":{"id":"0","name":"eventBus"}}
{"__type":"$$EventMessageNode","id":"e87188f2-71ca-409d-995b-6f4817109226","ts":"2025-08-26T14:44:31.796Z","eventName":"n8n.node.finished","message":"n8n.node.finished","payload":{"workflowId":"FUCOIi5kCO0AZu7K","workflowName":"My workflow","executionId":"1","nodeType":"n8n-nodes-base.httpRequest","nodeName":"Fetch CryptocurrencyJobs","nodeId":"b85143ae-34b6-468c-bc7a-bbdbf78d2acb"}}
{"__type":"$$EventMessageConfirm","confirm":"e87188f2-71ca-409d-995b-6f4817109226","ts":"2025-08-26T14:44:31.796Z","source":{"id":"0","name":"eventBus"}}
{"__type":"$$EventMessageNode","id":"58ac9fd3-1294-4410-9e11-80f5869056b0","ts":"2025-08-26T14:44:31.798Z","eventName":"n8n.node.started","message":"n8n.node.started","payload":{"workflowId":"FUCOIi5kCO0AZu7K","workflowName":"My workflow","executionId":"1","nodeType":"n8n-nodes-base.merge","nodeName":"Merge Sources","nodeId":"874a07a1-71e4-41c3-a83f-e5a995a48164"}}
{"__type":"$$EventMessageConfirm","confirm":"58ac9fd3-1294-4410-9e11-80f5869056b0","ts":"2025-08-26T14:44:31.798Z","source":{"id":"0","name":"eventBus"}}
{"__type":"$$EventMessageNode","id":"0452887c-5a75-466b-9ec0-5b187a447bfd","ts":"2025-08-26T14:44:31.800Z","eventName":"n8n.node.finished","message":"n8n.node.finished","payload":{"workflowId":"FUCOIi5kCO0AZu7K","workflowName":"My workflow","executionId":"1","nodeType":"n8n-nodes-base.merge","nodeName":"Merge Sources","nodeId":"874a07a1-71e4-41c3-a83f-e5a995a48164"}}
{"__type":"$$EventMessageConfirm","confirm":"0452887c-5a75-466b-9ec0-5b187a447bfd","ts":"2025-08-26T14:44:31.800Z","source":{"id":"0","name":"eventBus"}}
{"__type":"$$EventMessageNode","id":"c79bf5f9-655a-4758-b216-f23f0e561a0a","ts":"2025-08-26T14:44:31.803Z","eventName":"n8n.node.started","message":"n8n.node.started","payload":{"workflowId":"FUCOIi5kCO0AZu7K","workflowName":"My workflow","executionId":"1","nodeType":"n8n-nodes-base.httpRequest","nodeName":"Fetch CryptoJobsList","nodeId":"dc301012-b2c4-43fd-8a15-0cd937348bb5"}}
{"__type":"$$EventMessageConfirm","confirm":"c79bf5f9-655a-4758-b216-f23f0e561a0a","ts":"2025-08-26T14:44:31.804Z","source":{"id":"0","name":"eventBus"}}
{"__type":"$$EventMessageNode","id":"e873c13e-16ea-4823-a320-24c8b2dfe776","ts":"2025-08-26T14:44:32.364Z","eventName":"n8n.node.finished","message":"n8n.node.finished","payload":{"workflowId":"FUCOIi5kCO0AZu7K","workflowName":"My workflow","executionId":"1","nodeType":"n8n-nodes-base.httpRequest","nodeName":"Fetch CryptoJobsList","nodeId":"dc301012-b2c4-43fd-8a15-0cd937348bb5"}}
{"__type":"$$EventMessageConfirm","confirm":"e873c13e-16ea-4823-a320-24c8b2dfe776","ts":"2025-08-26T14:44:32.364Z","source":{"id":"0","name":"eventBus"}}
{"__type":"$$EventMessageNode","id":"2c0d681d-a50a-4d24-bc2e-63f32919ec27","ts":"2025-08-26T14:44:32.366Z","eventName":"n8n.node.started","message":"n8n.node.started","payload":{"workflowId":"FUCOIi5kCO0AZu7K","workflowName":"My workflow","executionId":"1","nodeType":"n8n-nodes-base.httpRequest","nodeName":"Fetch Remote3","nodeId":"5453f81e-a557-40c7-8d8c-8cdc46c2eea5"}}
{"__type":"$$EventMessageConfirm","confirm":"2c0d681d-a50a-4d24-bc2e-63f32919ec27","ts":"2025-08-26T14:44:32.366Z","source":{"id":"0","name":"eventBus"}}
{"__type":"$$EventMessageNode","id":"8f94142e-b480-4dbc-9c4a-dc91daf10d08","ts":"2025-08-26T14:47:02.793Z","eventName":"n8n.node.finished","message":"n8n.node.finished","payload":{"workflowId":"FUCOIi5kCO0AZu7K","workflowName":"My workflow","executionId":"1","nodeType":"n8n-nodes-base.httpRequest","nodeName":"Fetch Remote3","nodeId":"5453f81e-a557-40c7-8d8c-8cdc46c2eea5"}}
{"__type":"$$EventMessageConfirm","confirm":"8f94142e-b480-4dbc-9c4a-dc91daf10d08","ts":"2025-08-26T14:47:02.793Z","source":{"id":"0","name":"eventBus"}}
{"__type":"$$EventMessageNode","id":"b2eb38e0-76be-4f87-aa61-5a2923639a87","ts":"2025-08-26T14:47:02.794Z","eventName":"n8n.node.started","message":"n8n.node.started","payload":{"workflowId":"FUCOIi5kCO0AZu7K","workflowName":"My workflow","executionId":"1","nodeType":"n8n-nodes-base.httpRequest","nodeName":"Fetch CMC New","nodeId":"c55af061-91ab-4eec-b25f-f116fd04db4b"}}
{"__type":"$$EventMessageConfirm","confirm":"b2eb38e0-76be-4f87-aa61-5a2923639a87","ts":"2025-08-26T14:47:02.794Z","source":{"id":"0","name":"eventBus"}}
{"__type":"$$EventMessageNode","id":"afbb2d73-607b-4d1c-8e8b-6e26d7a828be","ts":"2025-08-26T14:47:03.968Z","eventName":"n8n.node.finished","message":"n8n.node.finished","payload":{"workflowId":"FUCOIi5kCO0AZu7K","workflowName":"My workflow","executionId":"1","nodeType":"n8n-nodes-base.httpRequest","nodeName":"Fetch CMC New","nodeId":"c55af061-91ab-4eec-b25f-f116fd04db4b"}}
{"__type":"$$EventMessageConfirm","confirm":"afbb2d73-607b-4d1c-8e8b-6e26d7a828be","ts":"2025-08-26T14:47:03.969Z","source":{"id":"0","name":"eventBus"}}
{"__type":"$$EventMessageNode","id":"aca98999-0b17-47fe-8cae-0f208f215db2","ts":"2025-08-26T14:47:03.984Z","eventName":"n8n.node.started","message":"n8n.node.started","payload":{"workflowId":"FUCOIi5kCO0AZu7K","workflowName":"My workflow","executionId":"1","nodeType":"n8n-nodes-base.httpRequest","nodeName":"Fetch CoinGecko New","nodeId":"d4f30d75-d00c-4466-8b1d-452fbacc6c32"}}
{"__type":"$$EventMessageConfirm","confirm":"aca98999-0b17-47fe-8cae-0f208f215db2","ts":"2025-08-26T14:47:03.984Z","source":{"id":"0","name":"eventBus"}}
{"__type":"$$EventMessageNode","id":"63c35aa2-b1e6-4286-9835-bda8befcc03c","ts":"2025-08-26T14:47:04.640Z","eventName":"n8n.node.finished","message":"n8n.node.finished","payload":{"workflowId":"FUCOIi5kCO0AZu7K","workflowName":"My workflow","executionId":"1","nodeType":"n8n-nodes-base.httpRequest","nodeName":"Fetch CoinGecko New","nodeId":"d4f30d75-d00c-4466-8b1d-452fbacc6c32"}}
{"__type":"$$EventMessageConfirm","confirm":"63c35aa2-b1e6-4286-9835-bda8befcc03c","ts":"2025-08-26T14:47:04.640Z","source":{"id":"0","name":"eventBus"}}
{"__type":"$$EventMessageWorkflow","id":"f206647e-0722-4ef7-b858-2473259811fa","ts":"2025-08-26T14:47:04.644Z","eventName":"n8n.workflow.success","message":"n8n.workflow.success","payload":{"userId":"a2335b8d-41ed-43d2-b946-52867d6a90bc","executionId":"1","success":true,"isManual":true,"workflowId":"FUCOIi5kCO0AZu7K","workflowName":"My workflow"}}
{"__type":"$$EventMessageConfirm","confirm":"f206647e-0722-4ef7-b858-2473259811fa","ts":"2025-08-26T14:47:04.644Z","source":{"id":"0","name":"eventBus"}}
