{"__type":"$$EventMessageAudit","id":"067b81ad-4f04-4064-9e2d-564d1e9ce0bf","ts":"2025-08-26T18:49:43.427+00:00","eventName":"n8n.audit.workflow.updated","message":"n8n.audit.workflow.updated","payload":{"userId":"a2335b8d-41ed-43d2-b946-52867d6a90bc","_email":"adewuyiqa@gmail.com","_firstName":"ade","_lastName":"wuyi","globalRole":"global:owner","workflowId":"FUCOIi5kCO0AZu7K","workflowName":"My workflow"}}
{"__type":"$$EventMessageConfirm","confirm":"067b81ad-4f04-4064-9e2d-564d1e9ce0bf","ts":"2025-08-26T18:49:43.428+00:00","source":{"id":"0","name":"eventBus"}}
{"__type":"$$EventMessageAudit","id":"7419f0e2-070d-4138-aa96-370fa5dd1383","ts":"2025-08-26T18:51:17.843+00:00","eventName":"n8n.audit.workflow.updated","message":"n8n.audit.workflow.updated","payload":{"userId":"a2335b8d-41ed-43d2-b946-52867d6a90bc","_email":"adewuyiqa@gmail.com","_firstName":"ade","_lastName":"wuyi","globalRole":"global:owner","workflowId":"FUCOIi5kCO0AZu7K","workflowName":"My workflow"}}
{"__type":"$$EventMessageConfirm","confirm":"7419f0e2-070d-4138-aa96-370fa5dd1383","ts":"2025-08-26T18:51:17.843+00:00","source":{"id":"0","name":"eventBus"}}
{"__type":"$$EventMessageAudit","id":"12f3be9a-b8f4-4f30-a63b-4b4e727c8d53","ts":"2025-08-26T18:51:35.875+00:00","eventName":"n8n.audit.workflow.updated","message":"n8n.audit.workflow.updated","payload":{"userId":"a2335b8d-41ed-43d2-b946-52867d6a90bc","_email":"adewuyiqa@gmail.com","_firstName":"ade","_lastName":"wuyi","globalRole":"global:owner","workflowId":"FUCOIi5kCO0AZu7K","workflowName":"My workflow"}}
{"__type":"$$EventMessageConfirm","confirm":"12f3be9a-b8f4-4f30-a63b-4b4e727c8d53","ts":"2025-08-26T18:51:35.875+00:00","source":{"id":"0","name":"eventBus"}}
{"__type":"$$EventMessageAudit","id":"807d0523-40cf-4b79-abb8-e6977235871f","ts":"2025-08-26T18:59:29.970+00:00","eventName":"n8n.audit.user.login.success","message":"n8n.audit.user.login.success","payload":{"userId":"a2335b8d-41ed-43d2-b946-52867d6a90bc","_email":"adewuyiqa@gmail.com","_firstName":"ade","_lastName":"wuyi","globalRole":"global:owner","authenticationMethod":"email"}}
{"__type":"$$EventMessageConfirm","confirm":"807d0523-40cf-4b79-abb8-e6977235871f","ts":"2025-08-26T18:59:29.971+00:00","source":{"id":"0","name":"eventBus"}}
{"__type":"$$EventMessageAudit","id":"0b7d2f18-2854-4b13-ad02-68cd0d996b07","ts":"2025-08-26T18:59:42.357+00:00","eventName":"n8n.audit.workflow.updated","message":"n8n.audit.workflow.updated","payload":{"userId":"a2335b8d-41ed-43d2-b946-52867d6a90bc","_email":"adewuyiqa@gmail.com","_firstName":"ade","_lastName":"wuyi","globalRole":"global:owner","workflowId":"FUCOIi5kCO0AZu7K","workflowName":"My workflow"}}
{"__type":"$$EventMessageConfirm","confirm":"0b7d2f18-2854-4b13-ad02-68cd0d996b07","ts":"2025-08-26T18:59:42.358+00:00","source":{"id":"0","name":"eventBus"}}
{"__type":"$$EventMessageWorkflow","id":"8a44e4bc-1e59-410b-8a39-cc654fe89342","ts":"2025-08-26T19:00:21.869+00:00","eventName":"n8n.workflow.started","message":"n8n.workflow.started","payload":{"executionId":"46","workflowId":"FUCOIi5kCO0AZu7K","isManual":false,"workflowName":"My workflow"}}
{"__type":"$$EventMessageConfirm","confirm":"8a44e4bc-1e59-410b-8a39-cc654fe89342","ts":"2025-08-26T19:00:21.869+00:00","source":{"id":"0","name":"eventBus"}}
{"__type":"$$EventMessageNode","id":"a0834860-dd66-44af-966e-4e49820a0648","ts":"2025-08-26T19:00:21.872+00:00","eventName":"n8n.node.started","message":"n8n.node.started","payload":{"workflowId":"FUCOIi5kCO0AZu7K","workflowName":"My workflow","executionId":"46","nodeType":"n8n-nodes-base.manualTrigger","nodeName":"Manual","nodeId":"c4e862be-ea80-41b3-a5cf-43ccd5188d22"}}
{"__type":"$$EventMessageConfirm","confirm":"a0834860-dd66-44af-966e-4e49820a0648","ts":"2025-08-26T19:00:21.872+00:00","source":{"id":"0","name":"eventBus"}}
{"__type":"$$EventMessageNode","id":"6172308f-702b-4399-9613-0e057051ce93","ts":"2025-08-26T19:00:21.883+00:00","eventName":"n8n.node.finished","message":"n8n.node.finished","payload":{"workflowId":"FUCOIi5kCO0AZu7K","workflowName":"My workflow","executionId":"46","nodeType":"n8n-nodes-base.manualTrigger","nodeName":"Manual","nodeId":"c4e862be-ea80-41b3-a5cf-43ccd5188d22"}}
{"__type":"$$EventMessageConfirm","confirm":"6172308f-702b-4399-9613-0e057051ce93","ts":"2025-08-26T19:00:21.883+00:00","source":{"id":"0","name":"eventBus"}}
{"__type":"$$EventMessageNode","id":"3520361b-7be4-4283-985a-a2f5f2c9bb47","ts":"2025-08-26T19:00:21.884+00:00","eventName":"n8n.node.started","message":"n8n.node.started","payload":{"workflowId":"FUCOIi5kCO0AZu7K","workflowName":"My workflow","executionId":"46","nodeType":"n8n-nodes-base.set","nodeName":"Config (Jobs)","nodeId":"ebf6650f-e492-4733-bdef-fb8c8653e589"}}
{"__type":"$$EventMessageConfirm","confirm":"3520361b-7be4-4283-985a-a2f5f2c9bb47","ts":"2025-08-26T19:00:21.884+00:00","source":{"id":"0","name":"eventBus"}}
{"__type":"$$EventMessageNode","id":"bbd1f62b-a026-4048-b34a-d41c8082d983","ts":"2025-08-26T19:00:21.891+00:00","eventName":"n8n.node.finished","message":"n8n.node.finished","payload":{"workflowId":"FUCOIi5kCO0AZu7K","workflowName":"My workflow","executionId":"46","nodeType":"n8n-nodes-base.set","nodeName":"Config (Jobs)","nodeId":"ebf6650f-e492-4733-bdef-fb8c8653e589"}}
{"__type":"$$EventMessageConfirm","confirm":"bbd1f62b-a026-4048-b34a-d41c8082d983","ts":"2025-08-26T19:00:21.891+00:00","source":{"id":"0","name":"eventBus"}}
{"__type":"$$EventMessageNode","id":"ca936895-fdcb-4b8e-acca-8f0529955adf","ts":"2025-08-26T19:00:21.892+00:00","eventName":"n8n.node.started","message":"n8n.node.started","payload":{"workflowId":"FUCOIi5kCO0AZu7K","workflowName":"My workflow","executionId":"46","nodeType":"n8n-nodes-base.httpRequest","nodeName":"Get Updates","nodeId":"7222d5f1-62d8-4b95-b846-b57902f91e06"}}
{"__type":"$$EventMessageConfirm","confirm":"ca936895-fdcb-4b8e-acca-8f0529955adf","ts":"2025-08-26T19:00:21.892+00:00","source":{"id":"0","name":"eventBus"}}
{"__type":"$$EventMessageNode","id":"32f8a62d-7d41-41ea-9d18-480b72ea5d1b","ts":"2025-08-26T19:00:22.711Z","eventName":"n8n.node.finished","message":"n8n.node.finished","payload":{"workflowId":"FUCOIi5kCO0AZu7K","workflowName":"My workflow","executionId":"46","nodeType":"n8n-nodes-base.httpRequest","nodeName":"Get Updates","nodeId":"7222d5f1-62d8-4b95-b846-b57902f91e06"}}
{"__type":"$$EventMessageConfirm","confirm":"32f8a62d-7d41-41ea-9d18-480b72ea5d1b","ts":"2025-08-26T19:00:22.711Z","source":{"id":"0","name":"eventBus"}}
{"__type":"$$EventMessageNode","id":"2f568ae3-6ca9-4cde-bd33-424d07b98069","ts":"2025-08-26T19:00:22.713Z","eventName":"n8n.node.started","message":"n8n.node.started","payload":{"workflowId":"FUCOIi5kCO0AZu7K","workflowName":"My workflow","executionId":"46","nodeType":"n8n-nodes-base.httpRequest","nodeName":"Fetch Web3.career","nodeId":"b2c5a744-6418-4b98-9220-e70a0baaf0b6"}}
{"__type":"$$EventMessageConfirm","confirm":"2f568ae3-6ca9-4cde-bd33-424d07b98069","ts":"2025-08-26T19:00:22.713Z","source":{"id":"0","name":"eventBus"}}
{"__type":"$$EventMessageNode","id":"adc8c24a-53af-4dd6-b59a-c7dc759aab82","ts":"2025-08-26T19:00:24.074Z","eventName":"n8n.node.finished","message":"n8n.node.finished","payload":{"workflowId":"FUCOIi5kCO0AZu7K","workflowName":"My workflow","executionId":"46","nodeType":"n8n-nodes-base.httpRequest","nodeName":"Fetch Web3.career","nodeId":"b2c5a744-6418-4b98-9220-e70a0baaf0b6"}}
{"__type":"$$EventMessageConfirm","confirm":"adc8c24a-53af-4dd6-b59a-c7dc759aab82","ts":"2025-08-26T19:00:24.074Z","source":{"id":"0","name":"eventBus"}}
{"__type":"$$EventMessageNode","id":"a87f3bbe-0400-43fc-9e1f-c7f843e1a0e0","ts":"2025-08-26T19:00:24.076Z","eventName":"n8n.node.started","message":"n8n.node.started","payload":{"workflowId":"FUCOIi5kCO0AZu7K","workflowName":"My workflow","executionId":"46","nodeType":"n8n-nodes-base.function","nodeName":"Notify web3.career","nodeId":"c6f21227-bea8-4d97-8b91-451eec622e28"}}
{"__type":"$$EventMessageConfirm","confirm":"a87f3bbe-0400-43fc-9e1f-c7f843e1a0e0","ts":"2025-08-26T19:00:24.076Z","source":{"id":"0","name":"eventBus"}}
{"__type":"$$EventMessageNode","id":"1f54d9e9-fb3f-45ad-8b7d-8352c7195499","ts":"2025-08-26T19:00:24.137Z","eventName":"n8n.node.finished","message":"n8n.node.finished","payload":{"workflowId":"FUCOIi5kCO0AZu7K","workflowName":"My workflow","executionId":"46","nodeType":"n8n-nodes-base.function","nodeName":"Notify web3.career","nodeId":"c6f21227-bea8-4d97-8b91-451eec622e28"}}
{"__type":"$$EventMessageConfirm","confirm":"1f54d9e9-fb3f-45ad-8b7d-8352c7195499","ts":"2025-08-26T19:00:24.137Z","source":{"id":"0","name":"eventBus"}}
{"__type":"$$EventMessageNode","id":"f4344075-4979-4377-885b-c0dfbf7ef7a5","ts":"2025-08-26T19:00:24.138Z","eventName":"n8n.node.started","message":"n8n.node.started","payload":{"workflowId":"FUCOIi5kCO0AZu7K","workflowName":"My workflow","executionId":"46","nodeType":"n8n-nodes-base.httpRequest","nodeName":"Send Telegram (Log)","nodeId":"4004c1f1-81ac-471c-97f4-dff9222ca39f"}}
{"__type":"$$EventMessageConfirm","confirm":"f4344075-4979-4377-885b-c0dfbf7ef7a5","ts":"2025-08-26T19:00:24.138Z","source":{"id":"0","name":"eventBus"}}
{"__type":"$$EventMessageNode","id":"cc5f855b-7c98-4e0f-8af3-d24367c1c0b9","ts":"2025-08-26T19:00:24.763Z","eventName":"n8n.node.finished","message":"n8n.node.finished","payload":{"workflowId":"FUCOIi5kCO0AZu7K","workflowName":"My workflow","executionId":"46","nodeType":"n8n-nodes-base.httpRequest","nodeName":"Send Telegram (Log)","nodeId":"4004c1f1-81ac-471c-97f4-dff9222ca39f"}}
{"__type":"$$EventMessageConfirm","confirm":"cc5f855b-7c98-4e0f-8af3-d24367c1c0b9","ts":"2025-08-26T19:00:24.763Z","source":{"id":"0","name":"eventBus"}}
{"__type":"$$EventMessageWorkflow","id":"d9d59185-137c-43cd-9835-24a48d38d80d","ts":"2025-08-26T19:00:24.766Z","eventName":"n8n.workflow.failed","message":"n8n.workflow.failed","payload":{"userId":"a2335b8d-41ed-43d2-b946-52867d6a90bc","executionId":"46","success":false,"isManual":true,"workflowId":"FUCOIi5kCO0AZu7K","workflowName":"My workflow","lastNodeExecuted":"Send Telegram (Log)","errorNodeType":"n8n-nodes-base.httpRequest","errorMessage":"Bad request - please check your parameters"}}
{"__type":"$$EventMessageConfirm","confirm":"d9d59185-137c-43cd-9835-24a48d38d80d","ts":"2025-08-26T19:00:24.766Z","source":{"id":"0","name":"eventBus"}}
{"__type":"$$EventMessageWorkflow","id":"d18f64bb-c579-48dc-91a5-759baed4a936","ts":"2025-08-26T19:00:34.341Z","eventName":"n8n.workflow.started","message":"n8n.workflow.started","payload":{"executionId":"47","workflowId":"FUCOIi5kCO0AZu7K","isManual":false,"workflowName":"My workflow"}}
{"__type":"$$EventMessageConfirm","confirm":"d18f64bb-c579-48dc-91a5-759baed4a936","ts":"2025-08-26T19:00:34.341Z","source":{"id":"0","name":"eventBus"}}
{"__type":"$$EventMessageNode","id":"cb58d9ee-2da6-469e-b501-11a4f290553d","ts":"2025-08-26T19:00:34.342Z","eventName":"n8n.node.started","message":"n8n.node.started","payload":{"workflowId":"FUCOIi5kCO0AZu7K","workflowName":"My workflow","executionId":"47","nodeType":"n8n-nodes-base.manualTrigger","nodeName":"Manual","nodeId":"c4e862be-ea80-41b3-a5cf-43ccd5188d22"}}
{"__type":"$$EventMessageConfirm","confirm":"cb58d9ee-2da6-469e-b501-11a4f290553d","ts":"2025-08-26T19:00:34.342Z","source":{"id":"0","name":"eventBus"}}
{"__type":"$$EventMessageNode","id":"fe4ea4a4-ca43-4b2b-83c9-49d10fd88656","ts":"2025-08-26T19:00:34.345Z","eventName":"n8n.node.finished","message":"n8n.node.finished","payload":{"workflowId":"FUCOIi5kCO0AZu7K","workflowName":"My workflow","executionId":"47","nodeType":"n8n-nodes-base.manualTrigger","nodeName":"Manual","nodeId":"c4e862be-ea80-41b3-a5cf-43ccd5188d22"}}
{"__type":"$$EventMessageConfirm","confirm":"fe4ea4a4-ca43-4b2b-83c9-49d10fd88656","ts":"2025-08-26T19:00:34.345Z","source":{"id":"0","name":"eventBus"}}
{"__type":"$$EventMessageNode","id":"fb6aefe5-afff-4c7e-ae98-2f7bf8bc5a84","ts":"2025-08-26T19:00:34.346Z","eventName":"n8n.node.started","message":"n8n.node.started","payload":{"workflowId":"FUCOIi5kCO0AZu7K","workflowName":"My workflow","executionId":"47","nodeType":"n8n-nodes-base.set","nodeName":"Config (Jobs)","nodeId":"ebf6650f-e492-4733-bdef-fb8c8653e589"}}
{"__type":"$$EventMessageConfirm","confirm":"fb6aefe5-afff-4c7e-ae98-2f7bf8bc5a84","ts":"2025-08-26T19:00:34.346Z","source":{"id":"0","name":"eventBus"}}
{"__type":"$$EventMessageNode","id":"e24de19e-d587-4820-847e-78b459c3a63a","ts":"2025-08-26T19:00:34.347Z","eventName":"n8n.node.finished","message":"n8n.node.finished","payload":{"workflowId":"FUCOIi5kCO0AZu7K","workflowName":"My workflow","executionId":"47","nodeType":"n8n-nodes-base.set","nodeName":"Config (Jobs)","nodeId":"ebf6650f-e492-4733-bdef-fb8c8653e589"}}
{"__type":"$$EventMessageConfirm","confirm":"e24de19e-d587-4820-847e-78b459c3a63a","ts":"2025-08-26T19:00:34.347Z","source":{"id":"0","name":"eventBus"}}
{"__type":"$$EventMessageNode","id":"8fdc5508-faa5-4773-9b5c-e7d4230d87ae","ts":"2025-08-26T19:00:34.348Z","eventName":"n8n.node.started","message":"n8n.node.started","payload":{"workflowId":"FUCOIi5kCO0AZu7K","workflowName":"My workflow","executionId":"47","nodeType":"n8n-nodes-base.httpRequest","nodeName":"Get Updates","nodeId":"7222d5f1-62d8-4b95-b846-b57902f91e06"}}
{"__type":"$$EventMessageConfirm","confirm":"8fdc5508-faa5-4773-9b5c-e7d4230d87ae","ts":"2025-08-26T19:00:34.348Z","source":{"id":"0","name":"eventBus"}}
{"__type":"$$EventMessageNode","id":"18bd9976-5bb7-4b23-b4b2-3fca334b39c0","ts":"2025-08-26T19:00:35.049Z","eventName":"n8n.node.finished","message":"n8n.node.finished","payload":{"workflowId":"FUCOIi5kCO0AZu7K","workflowName":"My workflow","executionId":"47","nodeType":"n8n-nodes-base.httpRequest","nodeName":"Get Updates","nodeId":"7222d5f1-62d8-4b95-b846-b57902f91e06"}}
{"__type":"$$EventMessageConfirm","confirm":"18bd9976-5bb7-4b23-b4b2-3fca334b39c0","ts":"2025-08-26T19:00:35.049Z","source":{"id":"0","name":"eventBus"}}
{"__type":"$$EventMessageNode","id":"219a0bd9-d339-4f3b-8a7b-ecdad086fb8d","ts":"2025-08-26T19:00:35.050Z","eventName":"n8n.node.started","message":"n8n.node.started","payload":{"workflowId":"FUCOIi5kCO0AZu7K","workflowName":"My workflow","executionId":"47","nodeType":"n8n-nodes-base.httpRequest","nodeName":"Fetch Web3.career","nodeId":"b2c5a744-6418-4b98-9220-e70a0baaf0b6"}}
{"__type":"$$EventMessageConfirm","confirm":"219a0bd9-d339-4f3b-8a7b-ecdad086fb8d","ts":"2025-08-26T19:00:35.050Z","source":{"id":"0","name":"eventBus"}}
{"__type":"$$EventMessageNode","id":"07659a92-037e-439b-a548-38865dda7a33","ts":"2025-08-26T19:00:36.377Z","eventName":"n8n.node.finished","message":"n8n.node.finished","payload":{"workflowId":"FUCOIi5kCO0AZu7K","workflowName":"My workflow","executionId":"47","nodeType":"n8n-nodes-base.httpRequest","nodeName":"Fetch Web3.career","nodeId":"b2c5a744-6418-4b98-9220-e70a0baaf0b6"}}
{"__type":"$$EventMessageConfirm","confirm":"07659a92-037e-439b-a548-38865dda7a33","ts":"2025-08-26T19:00:36.377Z","source":{"id":"0","name":"eventBus"}}
{"__type":"$$EventMessageNode","id":"9d51d750-3864-4b5b-bc96-3c2c87267f2f","ts":"2025-08-26T19:00:36.378Z","eventName":"n8n.node.started","message":"n8n.node.started","payload":{"workflowId":"FUCOIi5kCO0AZu7K","workflowName":"My workflow","executionId":"47","nodeType":"n8n-nodes-base.function","nodeName":"Notify web3.career","nodeId":"c6f21227-bea8-4d97-8b91-451eec622e28"}}
{"__type":"$$EventMessageConfirm","confirm":"9d51d750-3864-4b5b-bc96-3c2c87267f2f","ts":"2025-08-26T19:00:36.378Z","source":{"id":"0","name":"eventBus"}}
{"__type":"$$EventMessageNode","id":"58cbcf5a-8840-43aa-94bf-6eb6b5dde9c9","ts":"2025-08-26T19:00:36.387Z","eventName":"n8n.node.finished","message":"n8n.node.finished","payload":{"workflowId":"FUCOIi5kCO0AZu7K","workflowName":"My workflow","executionId":"47","nodeType":"n8n-nodes-base.function","nodeName":"Notify web3.career","nodeId":"c6f21227-bea8-4d97-8b91-451eec622e28"}}
{"__type":"$$EventMessageConfirm","confirm":"58cbcf5a-8840-43aa-94bf-6eb6b5dde9c9","ts":"2025-08-26T19:00:36.387Z","source":{"id":"0","name":"eventBus"}}
{"__type":"$$EventMessageNode","id":"f5416532-87b2-49b6-beaf-ba2f99d702ea","ts":"2025-08-26T19:00:36.388Z","eventName":"n8n.node.started","message":"n8n.node.started","payload":{"workflowId":"FUCOIi5kCO0AZu7K","workflowName":"My workflow","executionId":"47","nodeType":"n8n-nodes-base.httpRequest","nodeName":"Send Telegram (Log)","nodeId":"4004c1f1-81ac-471c-97f4-dff9222ca39f"}}
{"__type":"$$EventMessageConfirm","confirm":"f5416532-87b2-49b6-beaf-ba2f99d702ea","ts":"2025-08-26T19:00:36.388Z","source":{"id":"0","name":"eventBus"}}
{"__type":"$$EventMessageNode","id":"a6a1a517-4fc1-4ec1-ac81-66bf4b443a14","ts":"2025-08-26T19:00:36.911Z","eventName":"n8n.node.finished","message":"n8n.node.finished","payload":{"workflowId":"FUCOIi5kCO0AZu7K","workflowName":"My workflow","executionId":"47","nodeType":"n8n-nodes-base.httpRequest","nodeName":"Send Telegram (Log)","nodeId":"4004c1f1-81ac-471c-97f4-dff9222ca39f"}}
{"__type":"$$EventMessageConfirm","confirm":"a6a1a517-4fc1-4ec1-ac81-66bf4b443a14","ts":"2025-08-26T19:00:36.911Z","source":{"id":"0","name":"eventBus"}}
{"__type":"$$EventMessageWorkflow","id":"f1354dc4-b63c-4c67-b717-bbe91e8f2840","ts":"2025-08-26T19:00:36.911Z","eventName":"n8n.workflow.failed","message":"n8n.workflow.failed","payload":{"userId":"a2335b8d-41ed-43d2-b946-52867d6a90bc","executionId":"47","success":false,"isManual":true,"workflowId":"FUCOIi5kCO0AZu7K","workflowName":"My workflow","lastNodeExecuted":"Send Telegram (Log)","errorNodeType":"n8n-nodes-base.httpRequest","errorMessage":"Bad request - please check your parameters"}}
{"__type":"$$EventMessageConfirm","confirm":"f1354dc4-b63c-4c67-b717-bbe91e8f2840","ts":"2025-08-26T19:00:36.911Z","source":{"id":"0","name":"eventBus"}}
